<?xml version="1.0" encoding="UTF-8"?>
<testsuite xmlns:xsi="http://www.w3.org/2001/XMLSchema-instance" xsi:noNamespaceSchemaLocation="https://maven.apache.org/surefire/maven-surefire-plugin/xsd/surefire-test-report.xsd" name="TestSuite" time="2.213" tests="2" errors="0" skipped="0" failures="1">
  <properties>
[...]
</properties>
  <testcase name="check_Authorization_With_IncorrectData" classname="api.TestAPI" time="1.63">
    <failure message="1 expectation failed.&#10;JSON path errorCode doesn&apos;t match.&#10;Expected: &lt;401&gt;&#10;  Actual: 401&#10;" type="java.lang.AssertionError"><![CDATA[java.lang.AssertionError: 
1 expectation failed.
JSON path errorCode doesn't match.
Expected: <401>
  Actual: 401

	at api.TestAPI.check_Authorization_With_IncorrectData(TestAPI.java:29)
]]></failure>
  </testcase>
  <testcase name="check_Authorization_With_CorrectData" classname="api.TestAPI" time="0.141"/>
</testsuite>